2019-03-07 22:18:20,117 INFO 1128 [egg:logger] init all loggers with options: {"dir":"C:\\Users\\Administrator\\Desktop\\egg-migration\\egg-migration\\logs\\migration","encoding":"utf8","env":"local","level":"INFO","consoleLevel":"INFO","disableConsoleAfterReady":false,"outputJSON":false,"buffer":true,"appLogName":"migration-web.log","coreLogName":"egg-web.log","agentLogName":"egg-agent.log","errorLogName":"common-error.log","coreLogger":{"consoleLevel":"WARN"},"allowDebugAtProd":false,"type":"application"}
2019-03-07 22:18:20,177 INFO 1128 [egg-multipart] stream mode enable
2019-03-07 22:18:20,711 INFO 1128 [egg-static] starting static serve /public/ -> C:\Users\Administrator\Desktop\egg-migration\egg-migration\app\public
2019-03-07 22:18:20,722 INFO 1128 [egg-security] use csrf middleware
2019-03-07 22:18:20,724 INFO 1128 [egg-security] use methodnoallow middleware
2019-03-07 22:18:20,725 INFO 1128 [egg-security] use noopen middleware
2019-03-07 22:18:20,726 INFO 1128 [egg-security] use nosniff middleware
2019-03-07 22:18:20,727 INFO 1128 [egg-security] use xssProtection middleware
2019-03-07 22:18:20,727 INFO 1128 [egg-security] use xframe middleware
2019-03-07 22:18:20,728 INFO 1128 [egg-security] use dta middleware
2019-03-07 22:18:20,728 INFO 1128 [egg-security] compose 7 middlewares into one security middleware
2019-03-07 22:18:20,754 INFO 1128 [egg:core] dump config after load, 11ms
2019-03-07 22:18:20,810 INFO 1128 [egg-watcher:application] watcher start success
2019-03-07 22:18:20,853 INFO 1128 [egg:core] dump config after ready, 8ms
2019-03-07 22:21:38,152 INFO 7988 [egg:logger] init all loggers with options: {"dir":"C:\\Users\\Administrator\\Desktop\\egg-migration\\egg-migration\\logs\\migration","encoding":"utf8","env":"local","level":"INFO","consoleLevel":"INFO","disableConsoleAfterReady":false,"outputJSON":false,"buffer":true,"appLogName":"migration-web.log","coreLogName":"egg-web.log","agentLogName":"egg-agent.log","errorLogName":"common-error.log","coreLogger":{"consoleLevel":"WARN"},"allowDebugAtProd":false,"type":"application"}
2019-03-07 22:21:38,220 INFO 7988 [egg-multipart] stream mode enable
2019-03-07 22:21:38,810 INFO 7988 [egg-static] starting static serve /public/ -> C:\Users\Administrator\Desktop\egg-migration\egg-migration\app\public
2019-03-07 22:21:38,814 INFO 7988 [egg-security] use csrf middleware
2019-03-07 22:21:38,816 INFO 7988 [egg-security] use methodnoallow middleware
2019-03-07 22:21:38,817 INFO 7988 [egg-security] use noopen middleware
2019-03-07 22:21:38,819 INFO 7988 [egg-security] use nosniff middleware
2019-03-07 22:21:38,820 INFO 7988 [egg-security] use xssProtection middleware
2019-03-07 22:21:38,821 INFO 7988 [egg-security] use xframe middleware
2019-03-07 22:21:38,821 INFO 7988 [egg-security] use dta middleware
2019-03-07 22:21:38,821 INFO 7988 [egg-security] compose 7 middlewares into one security middleware
2019-03-07 22:21:38,841 INFO 7988 [egg:core] dump config after load, 13ms
2019-03-07 22:21:38,909 INFO 7988 [egg-watcher:application] watcher start success
2019-03-07 22:21:38,957 INFO 7988 [egg:core] dump config after ready, 11ms
2019-03-07 22:22:57,164 INFO 11276 [egg:logger] init all loggers with options: {"dir":"C:\\Users\\Administrator\\Desktop\\egg-migration\\egg-migration\\logs\\migration","encoding":"utf8","env":"local","level":"INFO","consoleLevel":"INFO","disableConsoleAfterReady":false,"outputJSON":false,"buffer":true,"appLogName":"migration-web.log","coreLogName":"egg-web.log","agentLogName":"egg-agent.log","errorLogName":"common-error.log","coreLogger":{"consoleLevel":"WARN"},"allowDebugAtProd":false,"type":"application"}
2019-03-07 22:22:57,231 INFO 11276 [egg-multipart] stream mode enable
2019-03-07 22:22:57,759 INFO 11276 [egg-static] starting static serve /public/ -> C:\Users\Administrator\Desktop\egg-migration\egg-migration\app\public
2019-03-07 22:22:57,764 INFO 11276 [egg-security] use csrf middleware
2019-03-07 22:22:57,765 INFO 11276 [egg-security] use methodnoallow middleware
2019-03-07 22:22:57,766 INFO 11276 [egg-security] use noopen middleware
2019-03-07 22:22:57,767 INFO 11276 [egg-security] use nosniff middleware
2019-03-07 22:22:57,768 INFO 11276 [egg-security] use xssProtection middleware
2019-03-07 22:22:57,769 INFO 11276 [egg-security] use xframe middleware
2019-03-07 22:22:57,769 INFO 11276 [egg-security] use dta middleware
2019-03-07 22:22:57,769 INFO 11276 [egg-security] compose 7 middlewares into one security middleware
2019-03-07 22:22:57,787 INFO 11276 [egg:core] dump config after load, 12ms
2019-03-07 22:22:57,846 INFO 11276 [egg-watcher:application] watcher start success
2019-03-07 22:22:57,885 INFO 11276 [egg:core] dump config after ready, 8ms
2019-03-07 22:23:48,023 INFO 1076 [egg:logger] init all loggers with options: {"dir":"C:\\Users\\Administrator\\Desktop\\egg-migration\\egg-migration\\logs\\migration","encoding":"utf8","env":"local","level":"INFO","consoleLevel":"INFO","disableConsoleAfterReady":false,"outputJSON":false,"buffer":true,"appLogName":"migration-web.log","coreLogName":"egg-web.log","agentLogName":"egg-agent.log","errorLogName":"common-error.log","coreLogger":{"consoleLevel":"WARN"},"allowDebugAtProd":false,"type":"application"}
2019-03-07 22:23:48,088 INFO 1076 [egg-multipart] stream mode enable
2019-03-07 22:23:48,612 INFO 1076 [egg-static] starting static serve /public/ -> C:\Users\Administrator\Desktop\egg-migration\egg-migration\app\public
2019-03-07 22:23:48,617 INFO 1076 [egg-security] use csrf middleware
2019-03-07 22:23:48,618 INFO 1076 [egg-security] use methodnoallow middleware
2019-03-07 22:23:48,619 INFO 1076 [egg-security] use noopen middleware
2019-03-07 22:23:48,620 INFO 1076 [egg-security] use nosniff middleware
2019-03-07 22:23:48,621 INFO 1076 [egg-security] use xssProtection middleware
2019-03-07 22:23:48,622 INFO 1076 [egg-security] use xframe middleware
2019-03-07 22:23:48,622 INFO 1076 [egg-security] use dta middleware
2019-03-07 22:23:48,622 INFO 1076 [egg-security] compose 7 middlewares into one security middleware
2019-03-07 22:23:48,641 INFO 1076 [egg:core] dump config after load, 11ms
2019-03-07 22:23:48,701 INFO 1076 [egg-watcher:application] watcher start success
2019-03-07 22:23:48,743 INFO 1076 [egg:core] dump config after ready, 8ms
2019-03-07 22:25:47,764 INFO 15264 [egg:logger] init all loggers with options: {"dir":"C:\\Users\\Administrator\\Desktop\\egg-migration\\egg-migration\\logs\\migration","encoding":"utf8","env":"local","level":"INFO","consoleLevel":"INFO","disableConsoleAfterReady":false,"outputJSON":false,"buffer":true,"appLogName":"migration-web.log","coreLogName":"egg-web.log","agentLogName":"egg-agent.log","errorLogName":"common-error.log","coreLogger":{"consoleLevel":"WARN"},"allowDebugAtProd":false,"type":"application"}
2019-03-07 22:25:47,830 INFO 15264 [egg-multipart] stream mode enable
2019-03-07 22:25:48,363 INFO 15264 [egg-static] starting static serve /public/ -> C:\Users\Administrator\Desktop\egg-migration\egg-migration\app\public
2019-03-07 22:25:48,368 INFO 15264 [egg-security] use csrf middleware
2019-03-07 22:25:48,370 INFO 15264 [egg-security] use methodnoallow middleware
2019-03-07 22:25:48,371 INFO 15264 [egg-security] use noopen middleware
2019-03-07 22:25:48,372 INFO 15264 [egg-security] use nosniff middleware
2019-03-07 22:25:48,373 INFO 15264 [egg-security] use xssProtection middleware
2019-03-07 22:25:48,373 INFO 15264 [egg-security] use xframe middleware
2019-03-07 22:25:48,374 INFO 15264 [egg-security] use dta middleware
2019-03-07 22:25:48,374 INFO 15264 [egg-security] compose 7 middlewares into one security middleware
2019-03-07 22:25:48,391 INFO 15264 [egg:core] dump config after load, 10ms
2019-03-07 22:25:48,454 INFO 15264 [egg-watcher:application] watcher start success
2019-03-07 22:25:48,494 INFO 15264 [egg:core] dump config after ready, 8ms
